<?xml version="1.0" encoding="UTF-8"?>
<!-- Generated by org.testng.reporters.JUnitReportReporter -->
<testsuite skipped="0" hostname="Saravana-PC" name="org.testNg1.suite1" tests="7" failures="0" timestamp="6 Feb 2023 07:38:43 GMT" time="21.149" errors="0">
  <testcase name="tc5" time="0.007" classname="org.testNg1.suite1"/>
  <testcase name="tc5" time="0.003" classname="org.testNg1.suite1"/>
  <testcase name="tc7" time="20.765" classname="org.testNg1.suite1"/>
  <testcase name="tc5" time="0.005" classname="org.testNg1.suite1"/>
  <testcase name="tc4" time="0.003" classname="org.testNg1.suite1"/>
  <testcase name="tc2" time="0.007" classname="org.testNg1.suite1"/>
  <testcase name="tc8" time="0.359" classname="org.testNg1.suite1"/>
</testsuite> <!-- org.testNg1.suite1 -->
