<?xml version="1.0" encoding="UTF-8"?>
<!-- Generated by org.testng.reporters.JUnitReportReporter -->
<testsuite skipped="0" hostname="Saravana-PC" name="org.testNg1.DataProviderSample" tests="6" failures="0" timestamp="6 Feb 2023 05:52:46 GMT" time="27.378" errors="0">
  <testcase name="browserLaunch" time="7.666" classname="org.testNg1.DataProviderSample"/>
  <testcase name="browserLaunch" time="11.326" classname="org.testNg1.DataProviderSample"/>
  <testcase name="m1" time="0.006" classname="org.testNg1.DataProviderSample"/>
  <testcase name="browserLaunch" time="8.370" classname="org.testNg1.DataProviderSample"/>
  <testcase name="m1" time="0.006" classname="org.testNg1.DataProviderSample"/>
  <testcase name="m1" time="0.004" classname="org.testNg1.DataProviderSample"/>
</testsuite> <!-- org.testNg1.DataProviderSample -->
