<?xml version="1.0" encoding="UTF-8"?>
<!-- Generated by org.testng.reporters.JUnitReportReporter -->
<testsuite skipped="0" hostname="Saravana-PC" name="org.testNg1.suite2" tests="11" failures="0" timestamp="6 Feb 2023 07:38:43 GMT" time="0.068" errors="0">
  <testcase name="tc18" time="0.003" classname="org.testNg1.suite2"/>
  <testcase name="tc15" time="0.006" classname="org.testNg1.suite2"/>
  <testcase name="tc17" time="0.011" classname="org.testNg1.suite2"/>
  <testcase name="tc15" time="0.002" classname="org.testNg1.suite2"/>
  <testcase name="tc12" time="0.023" classname="org.testNg1.suite2"/>
  <testcase name="tc17" time="0.005" classname="org.testNg1.suite2"/>
  <testcase name="tc14" time="0.004" classname="org.testNg1.suite2"/>
  <testcase name="tc16" time="0.003" classname="org.testNg1.suite2"/>
  <testcase name="tc17" time="0.004" classname="org.testNg1.suite2"/>
  <testcase name="tc17" time="0.005" classname="org.testNg1.suite2"/>
  <testcase name="tc15" time="0.002" classname="org.testNg1.suite2"/>
</testsuite> <!-- org.testNg1.suite2 -->
