<?xml version="1.0" encoding="UTF-8"?>
<!-- Generated by org.testng.reporters.JUnitReportReporter -->
<testsuite skipped="0" hostname="Saravana-PC" name="org.testNg1.DependsONMethodssample" tests="6" failures="0" timestamp="6 Feb 2023 06:36:30 GMT" time="0.049" errors="0">
  <testcase name="tc3" time="0.008" classname="org.testNg1.DependsONMethodssample"/>
  <testcase name="tc1" time="0.025" classname="org.testNg1.DependsONMethodssample"/>
  <testcase name="tc1" time="0.004" classname="org.testNg1.DependsONMethodssample"/>
  <testcase name="tc1" time="0.005" classname="org.testNg1.DependsONMethodssample"/>
  <testcase name="tc4" time="0.004" classname="org.testNg1.DependsONMethodssample"/>
  <testcase name="tc2" time="0.003" classname="org.testNg1.DependsONMethodssample"/>
</testsuite> <!-- org.testNg1.DependsONMethodssample -->
