<?xml version="1.0" encoding="UTF-8"?>
<!-- Generated by org.testng.reporters.JUnitReportReporter -->
<testsuite skipped="0" hostname="Saravana-PC" name="org.testNg1.sample1" tests="12" failures="0" timestamp="6 Feb 2023 05:04:28 GMT" time="0.093" errors="0">
  <testcase name="tc1" time="0.003" classname="org.testNg1.sample1"/>
  <testcase name="tc2" time="0.004" classname="org.testNg1.sample1"/>
  <testcase name="tc5" time="0.004" classname="org.testNg1.sample1"/>
  <testcase name="tc7" time="0.004" classname="org.testNg1.sample1"/>
  <testcase name="tc5" time="0.006" classname="org.testNg1.sample1"/>
  <testcase name="tc8" time="0.004" classname="org.testNg1.sample1"/>
  <testcase name="tc5" time="0.003" classname="org.testNg1.sample1"/>
  <testcase name="tc4" time="0.005" classname="org.testNg1.sample1"/>
  <testcase name="tc7" time="0.026" classname="org.testNg1.sample1"/>
  <testcase name="tc7" time="0.026" classname="org.testNg1.sample1"/>
  <testcase name="tc7" time="0.004" classname="org.testNg1.sample1"/>
  <testcase name="tc3" time="0.004" classname="org.testNg1.sample1"/>
</testsuite> <!-- org.testNg1.sample1 -->
