<?xml version="1.0" encoding="UTF-8"?>
<!-- Generated by org.testng.reporters.JUnitReportReporter -->
<testsuite skipped="0" hostname="Saravana-PC" name="org.testNg1.suite3" tests="11" failures="0" timestamp="6 Feb 2023 07:38:43 GMT" time="0.061" errors="0">
  <testcase name="tc27" time="0.003" classname="org.testNg1.suite3"/>
  <testcase name="tc28" time="0.003" classname="org.testNg1.suite3"/>
  <testcase name="tc25" time="0.023" classname="org.testNg1.suite3"/>
  <testcase name="tc26" time="0.004" classname="org.testNg1.suite3"/>
  <testcase name="tc25" time="0.004" classname="org.testNg1.suite3"/>
  <testcase name="tc22" time="0.004" classname="org.testNg1.suite3"/>
  <testcase name="tc24" time="0.003" classname="org.testNg1.suite3"/>
  <testcase name="tc27" time="0.003" classname="org.testNg1.suite3"/>
  <testcase name="tc27" time="0.004" classname="org.testNg1.suite3"/>
  <testcase name="tc27" time="0.007" classname="org.testNg1.suite3"/>
  <testcase name="tc25" time="0.003" classname="org.testNg1.suite3"/>
</testsuite> <!-- org.testNg1.suite3 -->
